ERROR 2021-02-08 13:47:31,195 cart 13880 140081343940416 'udf1'
ERROR 2021-02-08 13:47:31,196 cart 13880 140081343940416 'udf2'
ERROR 2021-02-08 13:47:31,196 cart 13880 140081343940416 'udf3'
ERROR 2021-02-08 13:47:31,196 cart 13880 140081343940416 'udf4'
ERROR 2021-02-08 13:47:31,196 cart 13880 140081343940416 'udf5'
ERROR 2021-02-08 13:47:31,197 cart 13880 140081343940416 'udf6'
ERROR 2021-02-08 13:47:31,197 cart 13880 140081343940416 'udf7'
ERROR 2021-02-08 13:47:31,197 cart 13880 140081343940416 'udf8'
ERROR 2021-02-08 13:47:31,197 cart 13880 140081343940416 'udf9'
ERROR 2021-02-08 13:47:31,197 cart 13880 140081343940416 'udf10'
ERROR 2021-02-08 19:48:19,859 cart 14845 139652977489728 'udf1'
ERROR 2021-02-08 19:48:19,860 cart 14845 139652977489728 'udf2'
ERROR 2021-02-08 19:48:19,860 cart 14845 139652977489728 'udf3'
ERROR 2021-02-08 19:48:19,860 cart 14845 139652977489728 'udf4'
ERROR 2021-02-08 19:48:19,860 cart 14845 139652977489728 'udf5'
ERROR 2021-02-08 19:48:19,860 cart 14845 139652977489728 'udf6'
ERROR 2021-02-08 19:48:19,860 cart 14845 139652977489728 'udf7'
ERROR 2021-02-08 19:48:19,860 cart 14845 139652977489728 'udf8'
ERROR 2021-02-08 19:48:19,861 cart 14845 139652977489728 'udf9'
ERROR 2021-02-08 19:48:19,861 cart 14845 139652977489728 'udf10'
ERROR 2021-02-13 19:10:52,469 cart 29752 139810034698048 'udf1'
ERROR 2021-02-13 19:10:52,469 cart 29752 139810034698048 'udf2'
ERROR 2021-02-13 19:10:52,469 cart 29752 139810034698048 'udf3'
ERROR 2021-02-13 19:10:52,470 cart 29752 139810034698048 'udf4'
ERROR 2021-02-13 19:10:52,470 cart 29752 139810034698048 'udf5'
ERROR 2021-02-13 19:10:52,470 cart 29752 139810034698048 'udf6'
ERROR 2021-02-13 19:10:52,470 cart 29752 139810034698048 'udf7'
ERROR 2021-02-13 19:10:52,470 cart 29752 139810034698048 'udf8'
ERROR 2021-02-13 19:10:52,470 cart 29752 139810034698048 'udf9'
ERROR 2021-02-13 19:10:52,470 cart 29752 139810034698048 'udf10'
ERROR 2021-02-20 05:29:58,944 cart 14784 139639934797632 'udf1'
ERROR 2021-02-20 05:29:58,975 cart 14784 139639934797632 'udf2'
ERROR 2021-02-20 05:29:58,975 cart 14784 139639934797632 'udf3'
ERROR 2021-02-20 05:29:58,975 cart 14784 139639934797632 'udf4'
ERROR 2021-02-20 05:29:58,975 cart 14784 139639934797632 'udf5'
ERROR 2021-02-20 05:29:58,975 cart 14784 139639934797632 'udf6'
ERROR 2021-02-20 05:29:58,975 cart 14784 139639934797632 'udf7'
ERROR 2021-02-20 05:29:58,975 cart 14784 139639934797632 'udf8'
ERROR 2021-02-20 05:29:58,975 cart 14784 139639934797632 'udf9'
ERROR 2021-02-20 05:29:58,975 cart 14784 139639934797632 'udf10'
INFO 2021-02-20 05:30:04,999 cart 14784 139639934797632 Start  update status from api  in database for transaction: e7f6c011776e8db7cd33---+ status :pending
INFO 2021-02-20 05:30:05,036 cart 14784 139639934797632 End  update status from api  in database for transaction: e7f6c011776e8db7cd33---+ status :pending
ERROR 2021-02-26 09:02:39,681 cart 3540 140262766470976 'udf1'
ERROR 2021-02-26 09:02:39,682 cart 3540 140262766470976 'udf2'
ERROR 2021-02-26 09:02:39,683 cart 3540 140262766470976 'udf3'
ERROR 2021-02-26 09:02:39,683 cart 3540 140262766470976 'udf4'
ERROR 2021-02-26 09:02:39,683 cart 3540 140262766470976 'udf5'
ERROR 2021-02-26 09:02:39,683 cart 3540 140262766470976 'udf6'
ERROR 2021-02-26 09:02:39,683 cart 3540 140262766470976 'udf7'
ERROR 2021-02-26 09:02:39,683 cart 3540 140262766470976 'udf8'
ERROR 2021-02-26 09:02:39,683 cart 3540 140262766470976 'udf9'
ERROR 2021-02-26 09:02:39,683 cart 3540 140262766470976 'udf10'
INFO 2021-02-26 09:02:42,020 cart 3540 140262766470976 Start  update status from api  in database for transaction: 7902699be42c8a8e46fb---+ status :pending
INFO 2021-02-26 09:02:42,034 cart 3540 140262766470976 End  update status from api  in database for transaction: 7902699be42c8a8e46fb---+ status :pending
ERROR 2021-02-27 07:14:51,492 cart 24677 139783462029120 'udf1'
ERROR 2021-02-27 07:14:51,493 cart 24677 139783462029120 'udf2'
ERROR 2021-02-27 07:14:51,493 cart 24677 139783462029120 'udf3'
ERROR 2021-02-27 07:14:51,493 cart 24677 139783462029120 'udf4'
ERROR 2021-02-27 07:14:51,493 cart 24677 139783462029120 'udf5'
ERROR 2021-02-27 07:14:51,493 cart 24677 139783462029120 'udf6'
ERROR 2021-02-27 07:14:51,493 cart 24677 139783462029120 'udf7'
ERROR 2021-02-27 07:14:51,493 cart 24677 139783462029120 'udf8'
ERROR 2021-02-27 07:14:51,493 cart 24677 139783462029120 'udf9'
ERROR 2021-02-27 07:14:51,494 cart 24677 139783462029120 'udf10'
INFO 2021-02-27 07:14:54,367 cart 24677 139783462029120 Start  update status from api  in database for transaction: 2c624232cdd221771294---+ status :pending
INFO 2021-02-27 07:14:54,377 cart 24677 139783462029120 End  update status from api  in database for transaction: 2c624232cdd221771294---+ status :pending
ERROR 2021-03-01 11:52:46,858 cart 25602 140439910922048 'udf1'
ERROR 2021-03-01 11:52:46,859 cart 25602 140439910922048 'udf2'
ERROR 2021-03-01 11:52:46,859 cart 25602 140439910922048 'udf3'
ERROR 2021-03-01 11:52:46,859 cart 25602 140439910922048 'udf4'
ERROR 2021-03-01 11:52:46,859 cart 25602 140439910922048 'udf5'
ERROR 2021-03-01 11:52:46,860 cart 25602 140439910922048 'udf6'
ERROR 2021-03-01 11:52:46,860 cart 25602 140439910922048 'udf7'
ERROR 2021-03-01 11:52:46,860 cart 25602 140439910922048 'udf8'
ERROR 2021-03-01 11:52:46,860 cart 25602 140439910922048 'udf9'
ERROR 2021-03-01 11:52:46,860 cart 25602 140439910922048 'udf10'
INFO 2021-03-01 11:52:52,776 cart 25594 140439910922048 Start  update status from api  in database for transaction: 19581e27de7ced00ff1c---+ status :pending
INFO 2021-03-01 11:52:52,785 cart 25594 140439910922048 End  update status from api  in database for transaction: 19581e27de7ced00ff1c---+ status :pending
ERROR 2021-03-01 11:53:17,537 cart 25594 140439910922048 'udf1'
ERROR 2021-03-01 11:53:17,538 cart 25594 140439910922048 'udf2'
ERROR 2021-03-01 11:53:17,538 cart 25594 140439910922048 'udf3'
ERROR 2021-03-01 11:53:17,538 cart 25594 140439910922048 'udf4'
ERROR 2021-03-01 11:53:17,538 cart 25594 140439910922048 'udf5'
ERROR 2021-03-01 11:53:17,538 cart 25594 140439910922048 'udf6'
ERROR 2021-03-01 11:53:17,538 cart 25594 140439910922048 'udf7'
ERROR 2021-03-01 11:53:17,538 cart 25594 140439910922048 'udf8'
ERROR 2021-03-01 11:53:17,538 cart 25594 140439910922048 'udf9'
ERROR 2021-03-01 11:53:17,538 cart 25594 140439910922048 'udf10'
ERROR 2021-03-01 13:01:58,103 cart 24958 140439910922048 'udf1'
ERROR 2021-03-01 13:01:58,103 cart 24958 140439910922048 'udf2'
ERROR 2021-03-01 13:01:58,103 cart 24958 140439910922048 'udf3'
ERROR 2021-03-01 13:01:58,103 cart 24958 140439910922048 'udf4'
ERROR 2021-03-01 13:01:58,103 cart 24958 140439910922048 'udf5'
ERROR 2021-03-01 13:01:58,103 cart 24958 140439910922048 'udf6'
ERROR 2021-03-01 13:01:58,104 cart 24958 140439910922048 'udf7'
ERROR 2021-03-01 13:01:58,104 cart 24958 140439910922048 'udf8'
ERROR 2021-03-01 13:01:58,104 cart 24958 140439910922048 'udf9'
ERROR 2021-03-01 13:01:58,104 cart 24958 140439910922048 'udf10'
INFO 2021-03-01 13:02:13,333 cart 24958 140439910922048 Start  update status from api  in database for transaction: 4fc82b26aecb47d2868c---+ status :pending
INFO 2021-03-01 13:02:13,343 cart 24958 140439910922048 End  update status from api  in database for transaction: 4fc82b26aecb47d2868c---+ status :pending
ERROR 2021-03-01 13:08:22,699 cart 4303 140439910922048 'udf1'
ERROR 2021-03-01 13:08:22,699 cart 4303 140439910922048 'udf2'
ERROR 2021-03-01 13:08:22,699 cart 4303 140439910922048 'udf3'
ERROR 2021-03-01 13:08:22,700 cart 4303 140439910922048 'udf4'
ERROR 2021-03-01 13:08:22,700 cart 4303 140439910922048 'udf5'
ERROR 2021-03-01 13:08:22,700 cart 4303 140439910922048 'udf6'
ERROR 2021-03-01 13:08:22,700 cart 4303 140439910922048 'udf7'
ERROR 2021-03-01 13:08:22,700 cart 4303 140439910922048 'udf8'
ERROR 2021-03-01 13:08:22,700 cart 4303 140439910922048 'udf9'
ERROR 2021-03-01 13:08:22,700 cart 4303 140439910922048 'udf10'
INFO 2021-03-01 13:08:28,172 cart 4303 140439910922048 Start  update status from api  in database for transaction: 6b51d431df5d7f141cbe---+ status :pending
INFO 2021-03-01 13:08:28,186 cart 4303 140439910922048 End  update status from api  in database for transaction: 6b51d431df5d7f141cbe---+ status :pending
ERROR 2021-03-01 13:08:37,884 cart 4303 140439910922048 'udf1'
ERROR 2021-03-01 13:08:37,884 cart 4303 140439910922048 'udf2'
ERROR 2021-03-01 13:08:37,884 cart 4303 140439910922048 'udf3'
ERROR 2021-03-01 13:08:37,884 cart 4303 140439910922048 'udf4'
ERROR 2021-03-01 13:08:37,884 cart 4303 140439910922048 'udf5'
ERROR 2021-03-01 13:08:37,884 cart 4303 140439910922048 'udf6'
ERROR 2021-03-01 13:08:37,884 cart 4303 140439910922048 'udf7'
ERROR 2021-03-01 13:08:37,884 cart 4303 140439910922048 'udf8'
ERROR 2021-03-01 13:08:37,884 cart 4303 140439910922048 'udf9'
ERROR 2021-03-01 13:08:37,884 cart 4303 140439910922048 'udf10'
INFO 2021-03-01 13:08:43,254 cart 4303 140439910922048 Start  update status from api  in database for transaction: 3fdba35f04dc8c462986---+ status :pending
INFO 2021-03-01 13:08:43,262 cart 4303 140439910922048 End  update status from api  in database for transaction: 3fdba35f04dc8c462986---+ status :pending
ERROR 2021-03-01 14:02:02,489 cart 20188 140439910922048 'udf1'
ERROR 2021-03-01 14:02:02,490 cart 20188 140439910922048 'udf2'
ERROR 2021-03-01 14:02:02,490 cart 20188 140439910922048 'udf3'
ERROR 2021-03-01 14:02:02,490 cart 20188 140439910922048 'udf4'
ERROR 2021-03-01 14:02:02,495 cart 20188 140439910922048 'udf5'
ERROR 2021-03-01 14:02:02,495 cart 20188 140439910922048 'udf6'
ERROR 2021-03-01 14:02:02,495 cart 20188 140439910922048 'udf7'
ERROR 2021-03-01 14:02:02,495 cart 20188 140439910922048 'udf8'
ERROR 2021-03-01 14:02:02,496 cart 20188 140439910922048 'udf9'
ERROR 2021-03-01 14:02:02,496 cart 20188 140439910922048 'udf10'
INFO 2021-03-01 14:02:05,953 cart 20188 140439910922048 Start  update status from api  in database for transaction: 8527a891e224136950ff---+ status :pending
INFO 2021-03-01 14:02:05,961 cart 20188 140439910922048 End  update status from api  in database for transaction: 8527a891e224136950ff---+ status :pending
ERROR 2021-03-01 21:01:39,161 cart 28687 139866319664960 'udf1'
ERROR 2021-03-01 21:01:39,161 cart 28687 139866319664960 'udf2'
ERROR 2021-03-01 21:01:39,162 cart 28687 139866319664960 'udf3'
ERROR 2021-03-01 21:01:39,162 cart 28687 139866319664960 'udf4'
ERROR 2021-03-01 21:01:39,162 cart 28687 139866319664960 'udf5'
ERROR 2021-03-01 21:01:39,162 cart 28687 139866319664960 'udf6'
ERROR 2021-03-01 21:01:39,162 cart 28687 139866319664960 'udf7'
ERROR 2021-03-01 21:01:39,162 cart 28687 139866319664960 'udf8'
ERROR 2021-03-01 21:01:39,162 cart 28687 139866319664960 'udf9'
ERROR 2021-03-01 21:01:39,162 cart 28687 139866319664960 'udf10'
ERROR 2021-03-02 11:53:11,135 paymentupdate 35020 140006684874560 Field 'coupon_amount' expected a number but got '57.5'.
ERROR 2021-03-02 11:53:11,166 cart 35020 140006684874560 'udf1'
ERROR 2021-03-02 11:53:11,166 cart 35020 140006684874560 'udf2'
ERROR 2021-03-02 11:53:11,166 cart 35020 140006684874560 'udf3'
ERROR 2021-03-02 11:53:11,166 cart 35020 140006684874560 'udf4'
ERROR 2021-03-02 11:53:11,167 cart 35020 140006684874560 'udf5'
ERROR 2021-03-02 11:53:11,167 cart 35020 140006684874560 'udf6'
ERROR 2021-03-02 11:53:11,167 cart 35020 140006684874560 'udf7'
ERROR 2021-03-02 11:53:11,167 cart 35020 140006684874560 'udf8'
ERROR 2021-03-02 11:53:11,167 cart 35020 140006684874560 'udf9'
ERROR 2021-03-02 11:53:11,167 cart 35020 140006684874560 'udf10'
ERROR 2021-03-02 11:54:05,889 couponinfo 35011 140006684874560 CouponInfo matching query does not exist.
ERROR 2021-03-02 11:54:25,895 cart 35011 140006684874560 'udf1'
ERROR 2021-03-02 11:54:25,896 cart 35011 140006684874560 'udf2'
ERROR 2021-03-02 11:54:25,896 cart 35011 140006684874560 'udf3'
ERROR 2021-03-02 11:54:25,896 cart 35011 140006684874560 'udf4'
ERROR 2021-03-02 11:54:25,896 cart 35011 140006684874560 'udf5'
ERROR 2021-03-02 11:54:25,896 cart 35011 140006684874560 'udf6'
ERROR 2021-03-02 11:54:25,896 cart 35011 140006684874560 'udf7'
ERROR 2021-03-02 11:54:25,896 cart 35011 140006684874560 'udf8'
ERROR 2021-03-02 11:54:25,896 cart 35011 140006684874560 'udf9'
ERROR 2021-03-02 11:54:25,896 cart 35011 140006684874560 'udf10'
INFO 2021-03-02 11:54:28,942 cart 35011 140006684874560 Start  update status from api  in database for transaction: b17ef6d19c7a5b1ee83b---+ status :pending
INFO 2021-03-02 11:54:28,955 cart 35011 140006684874560 End  update status from api  in database for transaction: b17ef6d19c7a5b1ee83b---+ status :pending
ERROR 2021-03-02 11:56:14,670 cart 31733 140006684874560 'udf1'
ERROR 2021-03-02 11:56:14,671 cart 31733 140006684874560 'udf2'
ERROR 2021-03-02 11:56:14,671 cart 31733 140006684874560 'udf3'
ERROR 2021-03-02 11:56:14,671 cart 31733 140006684874560 'udf4'
ERROR 2021-03-02 11:56:14,671 cart 31733 140006684874560 'udf5'
ERROR 2021-03-02 11:56:14,671 cart 31733 140006684874560 'udf6'
ERROR 2021-03-02 11:56:14,671 cart 31733 140006684874560 'udf7'
ERROR 2021-03-02 11:56:14,671 cart 31733 140006684874560 'udf8'
ERROR 2021-03-02 11:56:14,671 cart 31733 140006684874560 'udf9'
ERROR 2021-03-02 11:56:14,671 cart 31733 140006684874560 'udf10'
ERROR 2021-03-02 11:59:54,506 cart 31733 140006684874560 'udf1'
ERROR 2021-03-02 11:59:54,507 cart 31733 140006684874560 'udf2'
ERROR 2021-03-02 11:59:54,507 cart 31733 140006684874560 'udf3'
ERROR 2021-03-02 11:59:54,507 cart 31733 140006684874560 'udf4'
ERROR 2021-03-02 11:59:54,507 cart 31733 140006684874560 'udf5'
ERROR 2021-03-02 11:59:54,507 cart 31733 140006684874560 'udf6'
ERROR 2021-03-02 11:59:54,507 cart 31733 140006684874560 'udf7'
ERROR 2021-03-02 11:59:54,507 cart 31733 140006684874560 'udf8'
ERROR 2021-03-02 11:59:54,507 cart 31733 140006684874560 'udf9'
ERROR 2021-03-02 11:59:54,508 cart 31733 140006684874560 'udf10'
ERROR 2021-03-02 12:02:08,110 cart 31750 140006684874560 'udf1'
ERROR 2021-03-02 12:02:08,111 cart 31750 140006684874560 'udf2'
ERROR 2021-03-02 12:02:08,111 cart 31750 140006684874560 'udf3'
ERROR 2021-03-02 12:02:08,111 cart 31750 140006684874560 'udf4'
ERROR 2021-03-02 12:02:08,111 cart 31750 140006684874560 'udf5'
ERROR 2021-03-02 12:02:08,111 cart 31750 140006684874560 'udf6'
ERROR 2021-03-02 12:02:08,111 cart 31750 140006684874560 'udf7'
ERROR 2021-03-02 12:02:08,111 cart 31750 140006684874560 'udf8'
ERROR 2021-03-02 12:02:08,111 cart 31750 140006684874560 'udf9'
ERROR 2021-03-02 12:02:08,111 cart 31750 140006684874560 'udf10'
ERROR 2021-03-02 12:09:51,612 couponinfo 19686 140006684874560 CouponInfo matching query does not exist.
ERROR 2021-03-02 18:46:43,745 paymentupdate 25888 140399612090176 Field 'coupon_amount' expected a number but got '82.5'.
ERROR 2021-03-02 18:46:43,746 cart 25888 140399612090176 'udf1'
ERROR 2021-03-02 18:46:43,746 cart 25888 140399612090176 'udf2'
ERROR 2021-03-02 18:46:43,746 cart 25888 140399612090176 'udf3'
ERROR 2021-03-02 18:46:43,746 cart 25888 140399612090176 'udf4'
ERROR 2021-03-02 18:46:43,746 cart 25888 140399612090176 'udf5'
ERROR 2021-03-02 18:46:43,746 cart 25888 140399612090176 'udf6'
ERROR 2021-03-02 18:46:43,746 cart 25888 140399612090176 'udf7'
ERROR 2021-03-02 18:46:43,746 cart 25888 140399612090176 'udf8'
ERROR 2021-03-02 18:46:43,746 cart 25888 140399612090176 'udf9'
ERROR 2021-03-02 18:46:43,746 cart 25888 140399612090176 'udf10'
ERROR 2021-03-02 18:46:57,243 paymentupdate 26640 140399612090176 Field 'coupon_amount' expected a number but got '82.5'.
ERROR 2021-03-02 18:46:57,243 cart 26640 140399612090176 'udf1'
ERROR 2021-03-02 18:46:57,243 cart 26640 140399612090176 'udf2'
ERROR 2021-03-02 18:46:57,243 cart 26640 140399612090176 'udf3'
ERROR 2021-03-02 18:46:57,243 cart 26640 140399612090176 'udf4'
ERROR 2021-03-02 18:46:57,243 cart 26640 140399612090176 'udf5'
ERROR 2021-03-02 18:46:57,243 cart 26640 140399612090176 'udf6'
ERROR 2021-03-02 18:46:57,244 cart 26640 140399612090176 'udf7'
ERROR 2021-03-02 18:46:57,244 cart 26640 140399612090176 'udf8'
ERROR 2021-03-02 18:46:57,244 cart 26640 140399612090176 'udf9'
ERROR 2021-03-02 18:46:57,244 cart 26640 140399612090176 'udf10'
ERROR 2021-03-02 18:48:43,193 cart 26640 140399612090176 'udf1'
ERROR 2021-03-02 18:48:43,194 cart 26640 140399612090176 'udf2'
ERROR 2021-03-02 18:48:43,194 cart 26640 140399612090176 'udf3'
ERROR 2021-03-02 18:48:43,194 cart 26640 140399612090176 'udf4'
ERROR 2021-03-02 18:48:43,194 cart 26640 140399612090176 'udf5'
ERROR 2021-03-02 18:48:43,194 cart 26640 140399612090176 'udf6'
ERROR 2021-03-02 18:48:43,194 cart 26640 140399612090176 'udf7'
ERROR 2021-03-02 18:48:43,194 cart 26640 140399612090176 'udf8'
ERROR 2021-03-02 18:48:43,194 cart 26640 140399612090176 'udf9'
ERROR 2021-03-02 18:48:43,194 cart 26640 140399612090176 'udf10'
ERROR 2021-03-02 18:49:04,141 cart 26640 140399612090176 'udf1'
ERROR 2021-03-02 18:49:04,142 cart 26640 140399612090176 'udf2'
ERROR 2021-03-02 18:49:04,142 cart 26640 140399612090176 'udf3'
ERROR 2021-03-02 18:49:04,142 cart 26640 140399612090176 'udf4'
ERROR 2021-03-02 18:49:04,142 cart 26640 140399612090176 'udf5'
ERROR 2021-03-02 18:49:04,142 cart 26640 140399612090176 'udf6'
ERROR 2021-03-02 18:49:04,142 cart 26640 140399612090176 'udf7'
ERROR 2021-03-02 18:49:04,142 cart 26640 140399612090176 'udf8'
ERROR 2021-03-02 18:49:04,142 cart 26640 140399612090176 'udf9'
ERROR 2021-03-02 18:49:04,142 cart 26640 140399612090176 'udf10'
ERROR 2021-03-02 19:43:29,931 cart 36418 140656757372736 'udf1'
ERROR 2021-03-02 19:43:29,931 cart 36418 140656757372736 'udf2'
ERROR 2021-03-02 19:43:29,931 cart 36418 140656757372736 'udf3'
ERROR 2021-03-02 19:43:29,931 cart 36418 140656757372736 'udf4'
ERROR 2021-03-02 19:43:29,932 cart 36418 140656757372736 'udf5'
ERROR 2021-03-02 19:43:29,932 cart 36418 140656757372736 'udf6'
ERROR 2021-03-02 19:43:29,932 cart 36418 140656757372736 'udf7'
ERROR 2021-03-02 19:43:29,932 cart 36418 140656757372736 'udf8'
ERROR 2021-03-02 19:43:29,932 cart 36418 140656757372736 'udf9'
ERROR 2021-03-02 19:43:29,932 cart 36418 140656757372736 'udf10'
ERROR 2021-03-07 18:54:35,231 cart 867 139694703019840 'udf1'
ERROR 2021-03-07 18:54:35,240 cart 867 139694703019840 'udf2'
ERROR 2021-03-07 18:54:35,240 cart 867 139694703019840 'udf3'
ERROR 2021-03-07 18:54:35,240 cart 867 139694703019840 'udf4'
ERROR 2021-03-07 18:54:35,240 cart 867 139694703019840 'udf5'
ERROR 2021-03-07 18:54:35,241 cart 867 139694703019840 'udf6'
ERROR 2021-03-07 18:54:35,241 cart 867 139694703019840 'udf7'
ERROR 2021-03-07 18:54:35,241 cart 867 139694703019840 'udf8'
ERROR 2021-03-07 18:54:35,241 cart 867 139694703019840 'udf9'
ERROR 2021-03-07 18:54:35,241 cart 867 139694703019840 'udf10'
INFO 2021-03-07 18:54:41,391 cart 867 139694703019840 Start  update status from api  in database for transaction: 535fa30d7e25dd8a49f1---+ status :pending
INFO 2021-03-07 18:54:41,400 cart 867 139694703019840 End  update status from api  in database for transaction: 535fa30d7e25dd8a49f1---+ status :pending
ERROR 2021-03-07 19:05:58,581 cart 7362 139684182857536 'udf1'
ERROR 2021-03-07 19:05:58,581 cart 7362 139684182857536 'udf2'
ERROR 2021-03-07 19:05:58,581 cart 7362 139684182857536 'udf3'
ERROR 2021-03-07 19:05:58,581 cart 7362 139684182857536 'udf4'
ERROR 2021-03-07 19:05:58,581 cart 7362 139684182857536 'udf5'
ERROR 2021-03-07 19:05:58,581 cart 7362 139684182857536 'udf6'
ERROR 2021-03-07 19:05:58,581 cart 7362 139684182857536 'udf7'
ERROR 2021-03-07 19:05:58,581 cart 7362 139684182857536 'udf8'
ERROR 2021-03-07 19:05:58,581 cart 7362 139684182857536 'udf9'
ERROR 2021-03-07 19:05:58,581 cart 7362 139684182857536 'udf10'
INFO 2021-03-07 19:06:02,559 cart 7362 139684182857536 Start  update status from api  in database for transaction: c2356069e9d1e79ca924---+ status :pending
INFO 2021-03-07 19:06:02,567 cart 7362 139684182857536 End  update status from api  in database for transaction: c2356069e9d1e79ca924---+ status :pending
ERROR 2021-03-07 19:08:53,571 cart 7360 139684182857536 'udf1'
ERROR 2021-03-07 19:08:53,572 cart 7360 139684182857536 'udf2'
ERROR 2021-03-07 19:08:53,572 cart 7360 139684182857536 'udf3'
ERROR 2021-03-07 19:08:53,572 cart 7360 139684182857536 'udf4'
ERROR 2021-03-07 19:08:53,572 cart 7360 139684182857536 'udf5'
ERROR 2021-03-07 19:08:53,572 cart 7360 139684182857536 'udf6'
ERROR 2021-03-07 19:08:53,572 cart 7360 139684182857536 'udf7'
ERROR 2021-03-07 19:08:53,572 cart 7360 139684182857536 'udf8'
ERROR 2021-03-07 19:08:53,573 cart 7360 139684182857536 'udf9'
ERROR 2021-03-07 19:08:53,573 cart 7360 139684182857536 'udf10'
INFO 2021-03-07 19:08:54,700 cart 7360 139684182857536 Start  update status from api  in database for transaction: b7a56873cd771f2c446d---+ status :pending
INFO 2021-03-07 19:08:54,711 cart 7360 139684182857536 End  update status from api  in database for transaction: b7a56873cd771f2c446d---+ status :pending
ERROR 2021-03-07 19:09:27,070 cart 7360 139684182857536 'udf1'
ERROR 2021-03-07 19:09:27,071 cart 7360 139684182857536 'udf2'
ERROR 2021-03-07 19:09:27,071 cart 7360 139684182857536 'udf3'
ERROR 2021-03-07 19:09:27,071 cart 7360 139684182857536 'udf4'
ERROR 2021-03-07 19:09:27,071 cart 7360 139684182857536 'udf5'
ERROR 2021-03-07 19:09:27,071 cart 7360 139684182857536 'udf6'
ERROR 2021-03-07 19:09:27,071 cart 7360 139684182857536 'udf7'
ERROR 2021-03-07 19:09:27,071 cart 7360 139684182857536 'udf8'
ERROR 2021-03-07 19:09:27,071 cart 7360 139684182857536 'udf9'
ERROR 2021-03-07 19:09:27,071 cart 7360 139684182857536 'udf10'
INFO 2021-03-07 19:09:28,373 cart 7360 139684182857536 Start  update status from api  in database for transaction: 5f9c4ab08cac7457e911---+ status :pending
INFO 2021-03-07 19:09:28,380 cart 7360 139684182857536 End  update status from api  in database for transaction: 5f9c4ab08cac7457e911---+ status :pending
ERROR 2021-03-07 19:21:33,862 cart 11865 139684182857536 'udf1'
ERROR 2021-03-07 19:21:33,862 cart 11865 139684182857536 'udf2'
ERROR 2021-03-07 19:21:33,862 cart 11865 139684182857536 'udf3'
ERROR 2021-03-07 19:21:33,863 cart 11865 139684182857536 'udf4'
ERROR 2021-03-07 19:21:33,863 cart 11865 139684182857536 'udf5'
ERROR 2021-03-07 19:21:33,863 cart 11865 139684182857536 'udf6'
ERROR 2021-03-07 19:21:33,863 cart 11865 139684182857536 'udf7'
ERROR 2021-03-07 19:21:33,863 cart 11865 139684182857536 'udf8'
ERROR 2021-03-07 19:21:33,863 cart 11865 139684182857536 'udf9'
ERROR 2021-03-07 19:21:33,863 cart 11865 139684182857536 'udf10'
INFO 2021-03-07 19:21:35,360 cart 11865 139684182857536 Start  update status from api  in database for transaction: 670671cd97404156226e---+ status :pending
INFO 2021-03-07 19:21:35,370 cart 11865 139684182857536 End  update status from api  in database for transaction: 670671cd97404156226e---+ status :pending
ERROR 2021-03-07 19:24:52,192 cart 13630 139684182857536 'udf1'
ERROR 2021-03-07 19:24:52,192 cart 13630 139684182857536 'udf2'
ERROR 2021-03-07 19:24:52,192 cart 13630 139684182857536 'udf3'
ERROR 2021-03-07 19:24:52,192 cart 13630 139684182857536 'udf4'
ERROR 2021-03-07 19:24:52,192 cart 13630 139684182857536 'udf5'
ERROR 2021-03-07 19:24:52,192 cart 13630 139684182857536 'udf6'
ERROR 2021-03-07 19:24:52,192 cart 13630 139684182857536 'udf7'
ERROR 2021-03-07 19:24:52,192 cart 13630 139684182857536 'udf8'
ERROR 2021-03-07 19:24:52,192 cart 13630 139684182857536 'udf9'
ERROR 2021-03-07 19:24:52,193 cart 13630 139684182857536 'udf10'
INFO 2021-03-07 19:24:57,084 cart 13630 139684182857536 Start  update status from api  in database for transaction: 59e19706d51d39f66711---+ status :pending
INFO 2021-03-07 19:24:57,094 cart 13630 139684182857536 End  update status from api  in database for transaction: 59e19706d51d39f66711---+ status :pending
ERROR 2021-03-07 19:26:03,048 cart 11864 139684182857536 'udf1'
ERROR 2021-03-07 19:26:03,049 cart 11864 139684182857536 'udf2'
ERROR 2021-03-07 19:26:03,049 cart 11864 139684182857536 'udf3'
ERROR 2021-03-07 19:26:03,049 cart 11864 139684182857536 'udf4'
ERROR 2021-03-07 19:26:03,049 cart 11864 139684182857536 'udf5'
ERROR 2021-03-07 19:26:03,049 cart 11864 139684182857536 'udf6'
ERROR 2021-03-07 19:26:03,049 cart 11864 139684182857536 'udf7'
ERROR 2021-03-07 19:26:03,050 cart 11864 139684182857536 'udf8'
ERROR 2021-03-07 19:26:03,050 cart 11864 139684182857536 'udf9'
ERROR 2021-03-07 19:26:03,050 cart 11864 139684182857536 'udf10'
ERROR 2021-03-07 19:26:07,128 cart 11864 139684182857536 'udf1'
ERROR 2021-03-07 19:26:07,128 cart 11864 139684182857536 'udf2'
ERROR 2021-03-07 19:26:07,128 cart 11864 139684182857536 'udf3'
ERROR 2021-03-07 19:26:07,128 cart 11864 139684182857536 'udf4'
ERROR 2021-03-07 19:26:07,128 cart 11864 139684182857536 'udf5'
ERROR 2021-03-07 19:26:07,128 cart 11864 139684182857536 'udf6'
ERROR 2021-03-07 19:26:07,128 cart 11864 139684182857536 'udf7'
ERROR 2021-03-07 19:26:07,129 cart 11864 139684182857536 'udf8'
ERROR 2021-03-07 19:26:07,129 cart 11864 139684182857536 'udf9'
ERROR 2021-03-07 19:26:07,129 cart 11864 139684182857536 'udf10'
INFO 2021-03-07 19:26:10,629 cart 11864 139684182857536 Start  update status from api  in database for transaction: 624b60c58c9d8bfb6ff1---+ status :pending
INFO 2021-03-07 19:26:10,638 cart 11864 139684182857536 End  update status from api  in database for transaction: 624b60c58c9d8bfb6ff1---+ status :pending
ERROR 2021-03-13 04:43:58,237 cart 16106 140435891783488 'udf1'
ERROR 2021-03-13 04:43:58,238 cart 16106 140435891783488 'udf2'
ERROR 2021-03-13 04:43:58,238 cart 16106 140435891783488 'udf3'
ERROR 2021-03-13 04:43:58,238 cart 16106 140435891783488 'udf4'
ERROR 2021-03-13 04:43:58,238 cart 16106 140435891783488 'udf5'
ERROR 2021-03-13 04:43:58,238 cart 16106 140435891783488 'udf6'
ERROR 2021-03-13 04:43:58,238 cart 16106 140435891783488 'udf7'
ERROR 2021-03-13 04:43:58,238 cart 16106 140435891783488 'udf8'
ERROR 2021-03-13 04:43:58,238 cart 16106 140435891783488 'udf9'
ERROR 2021-03-13 04:43:58,238 cart 16106 140435891783488 'udf10'
INFO 2021-03-13 04:44:03,916 cart 16106 140435891783488 Start  update status from api  in database for transaction: eb1e33e8a81b697b7585---+ status :pending
INFO 2021-03-13 04:44:03,926 cart 16106 140435891783488 End  update status from api  in database for transaction: eb1e33e8a81b697b7585---+ status :pending
ERROR 2021-03-21 18:12:56,406 cart 27974 140401144395584 'totalAmount'
ERROR 2021-03-21 18:31:28,870 cart 33406 139869414221632 'totalAmount'
ERROR 2021-03-21 18:32:47,938 couponinfo 36569 139869414221632 CouponInfo matching query does not exist.
ERROR 2021-03-21 18:33:44,519 cart 33406 139869414221632 'totalAmount'
ERROR 2021-03-21 18:39:30,857 cart 22495 140123110078272 'udf1'
ERROR 2021-03-21 18:39:30,858 cart 22495 140123110078272 'udf2'
ERROR 2021-03-21 18:39:30,858 cart 22495 140123110078272 'udf3'
ERROR 2021-03-21 18:39:30,858 cart 22495 140123110078272 'udf4'
ERROR 2021-03-21 18:39:30,858 cart 22495 140123110078272 'udf5'
ERROR 2021-03-21 18:39:30,858 cart 22495 140123110078272 'udf6'
ERROR 2021-03-21 18:39:30,858 cart 22495 140123110078272 'udf7'
ERROR 2021-03-21 18:39:30,858 cart 22495 140123110078272 'udf8'
ERROR 2021-03-21 18:39:30,858 cart 22495 140123110078272 'udf9'
ERROR 2021-03-21 18:39:30,858 cart 22495 140123110078272 'udf10'
INFO 2021-03-21 18:39:38,429 cart 22495 140123110078272 Start  update status from api  in database for transaction: e29c9c180c6279b0b02a---+ status :pending
INFO 2021-03-21 18:39:38,440 cart 22495 140123110078272 End  update status from api  in database for transaction: e29c9c180c6279b0b02a---+ status :pending
ERROR 2021-03-24 18:32:45,076 cart 18985 139791650420544 'udf1'
ERROR 2021-03-24 18:32:45,077 cart 18985 139791650420544 'udf2'
ERROR 2021-03-24 18:32:45,077 cart 18985 139791650420544 'udf3'
ERROR 2021-03-24 18:32:45,077 cart 18985 139791650420544 'udf4'
ERROR 2021-03-24 18:32:45,077 cart 18985 139791650420544 'udf5'
ERROR 2021-03-24 18:32:45,078 cart 18985 139791650420544 'udf6'
ERROR 2021-03-24 18:32:45,078 cart 18985 139791650420544 'udf7'
ERROR 2021-03-24 18:32:45,078 cart 18985 139791650420544 'udf8'
ERROR 2021-03-24 18:32:45,078 cart 18985 139791650420544 'udf9'
ERROR 2021-03-24 18:32:45,078 cart 18985 139791650420544 'udf10'
INFO 2021-03-24 18:32:51,418 cart 18985 139791650420544 Start  update status from api  in database for transaction: c6f3ac57944a531490cd---+ status :pending
INFO 2021-03-24 18:32:51,427 cart 18985 139791650420544 End  update status from api  in database for transaction: c6f3ac57944a531490cd---+ status :pending
ERROR 2021-03-29 03:21:22,308 cart 14104 139707040864064 'udf1'
ERROR 2021-03-29 03:21:22,310 cart 14104 139707040864064 'udf2'
ERROR 2021-03-29 03:21:22,310 cart 14104 139707040864064 'udf3'
ERROR 2021-03-29 03:21:22,310 cart 14104 139707040864064 'udf4'
ERROR 2021-03-29 03:21:22,310 cart 14104 139707040864064 'udf5'
ERROR 2021-03-29 03:21:22,310 cart 14104 139707040864064 'udf6'
ERROR 2021-03-29 03:21:22,310 cart 14104 139707040864064 'udf7'
ERROR 2021-03-29 03:21:22,310 cart 14104 139707040864064 'udf8'
ERROR 2021-03-29 03:21:22,310 cart 14104 139707040864064 'udf9'
ERROR 2021-03-29 03:21:22,310 cart 14104 139707040864064 'udf10'
INFO 2021-03-29 03:21:26,530 cart 14104 139707040864064 Start  update status from api  in database for transaction: 86e50149658661312a9e---+ status :pending
INFO 2021-03-29 03:21:26,537 cart 14104 139707040864064 End  update status from api  in database for transaction: 86e50149658661312a9e---+ status :pending
ERROR 2021-04-16 07:49:03,436 cart 1049242 140664418346816 'udf1'
ERROR 2021-04-16 07:49:03,444 cart 1049242 140664418346816 'udf2'
ERROR 2021-04-16 07:49:03,444 cart 1049242 140664418346816 'udf3'
ERROR 2021-04-16 07:49:03,444 cart 1049242 140664418346816 'udf4'
ERROR 2021-04-16 07:49:03,444 cart 1049242 140664418346816 'udf5'
ERROR 2021-04-16 07:49:03,444 cart 1049242 140664418346816 'udf6'
ERROR 2021-04-16 07:49:03,445 cart 1049242 140664418346816 'udf7'
ERROR 2021-04-16 07:49:03,445 cart 1049242 140664418346816 'udf8'
ERROR 2021-04-16 07:49:03,445 cart 1049242 140664418346816 'udf9'
ERROR 2021-04-16 07:49:03,445 cart 1049242 140664418346816 'udf10'
INFO 2021-04-16 07:49:07,407 cart 1049242 140664418346816 Start  update status from api  in database for transaction: 9f14025af0065b30e47e---+ status :pending
INFO 2021-04-16 07:49:07,413 cart 1049242 140664418346816 End  update status from api  in database for transaction: 9f14025af0065b30e47e---+ status :pending
ERROR 2021-04-16 07:50:11,054 cart 1055319 140664418346816 'udf1'
ERROR 2021-04-16 07:50:11,054 cart 1055319 140664418346816 'udf2'
ERROR 2021-04-16 07:50:11,054 cart 1055319 140664418346816 'udf3'
ERROR 2021-04-16 07:50:11,054 cart 1055319 140664418346816 'udf4'
ERROR 2021-04-16 07:50:11,054 cart 1055319 140664418346816 'udf5'
ERROR 2021-04-16 07:50:11,054 cart 1055319 140664418346816 'udf6'
ERROR 2021-04-16 07:50:11,055 cart 1055319 140664418346816 'udf7'
ERROR 2021-04-16 07:50:11,055 cart 1055319 140664418346816 'udf8'
ERROR 2021-04-16 07:50:11,055 cart 1055319 140664418346816 'udf9'
ERROR 2021-04-16 07:50:11,055 cart 1055319 140664418346816 'udf10'
INFO 2021-04-16 07:50:14,095 cart 1055319 140664418346816 Start  update status from api  in database for transaction: 76a50887d8f1c2e93017---+ status :pending
INFO 2021-04-16 07:50:14,103 cart 1055319 140664418346816 End  update status from api  in database for transaction: 76a50887d8f1c2e93017---+ status :pending
ERROR 2021-04-16 07:50:59,957 cart 1055319 140664418346816 'udf1'
ERROR 2021-04-16 07:50:59,958 cart 1055319 140664418346816 'udf2'
ERROR 2021-04-16 07:50:59,958 cart 1055319 140664418346816 'udf3'
ERROR 2021-04-16 07:50:59,958 cart 1055319 140664418346816 'udf4'
ERROR 2021-04-16 07:50:59,958 cart 1055319 140664418346816 'udf5'
ERROR 2021-04-16 07:50:59,958 cart 1055319 140664418346816 'udf6'
ERROR 2021-04-16 07:50:59,958 cart 1055319 140664418346816 'udf7'
ERROR 2021-04-16 07:50:59,958 cart 1055319 140664418346816 'udf8'
ERROR 2021-04-16 07:50:59,958 cart 1055319 140664418346816 'udf9'
ERROR 2021-04-16 07:50:59,958 cart 1055319 140664418346816 'udf10'
ERROR 2021-05-24 08:15:21,237 cart 20822 140502091908928 'udf1'
ERROR 2021-05-24 08:15:21,240 cart 20822 140502091908928 'udf2'
ERROR 2021-05-24 08:15:21,240 cart 20822 140502091908928 'udf3'
ERROR 2021-05-24 08:15:21,240 cart 20822 140502091908928 'udf4'
ERROR 2021-05-24 08:15:21,240 cart 20822 140502091908928 'udf5'
ERROR 2021-05-24 08:15:21,240 cart 20822 140502091908928 'udf6'
ERROR 2021-05-24 08:15:21,240 cart 20822 140502091908928 'udf7'
ERROR 2021-05-24 08:15:21,240 cart 20822 140502091908928 'udf8'
ERROR 2021-05-24 08:15:21,240 cart 20822 140502091908928 'udf9'
ERROR 2021-05-24 08:15:21,240 cart 20822 140502091908928 'udf10'
INFO 2021-05-24 08:15:32,087 cart 20822 140502091908928 Start  update status from api  in database for transaction: aea92132c4cbeb263e6a---+ status :pending
INFO 2021-05-24 08:15:32,099 cart 20822 140502091908928 End  update status from api  in database for transaction: aea92132c4cbeb263e6a---+ status :pending
ERROR 2021-05-29 04:59:28,478 cart 10778 140279550793536 'udf1'
ERROR 2021-05-29 04:59:28,479 cart 10778 140279550793536 'udf2'
ERROR 2021-05-29 04:59:28,480 cart 10778 140279550793536 'udf3'
ERROR 2021-05-29 04:59:28,480 cart 10778 140279550793536 'udf4'
ERROR 2021-05-29 04:59:28,480 cart 10778 140279550793536 'udf5'
ERROR 2021-05-29 04:59:28,480 cart 10778 140279550793536 'udf6'
ERROR 2021-05-29 04:59:28,480 cart 10778 140279550793536 'udf7'
ERROR 2021-05-29 04:59:28,480 cart 10778 140279550793536 'udf8'
ERROR 2021-05-29 04:59:28,480 cart 10778 140279550793536 'udf9'
ERROR 2021-05-29 04:59:28,480 cart 10778 140279550793536 'udf10'
INFO 2021-05-29 04:59:35,360 cart 10778 140279550793536 Start  update status from api  in database for transaction: 0b918943df0962bc7a18---+ status :pending
INFO 2021-05-29 04:59:35,369 cart 10778 140279550793536 End  update status from api  in database for transaction: 0b918943df0962bc7a18---+ status :pending
ERROR 2021-07-19 15:48:11,372 cart 3620983 140432903878464 'udf1'
ERROR 2021-07-19 15:48:11,382 cart 3620983 140432903878464 'udf2'
ERROR 2021-07-19 15:48:11,382 cart 3620983 140432903878464 'udf3'
ERROR 2021-07-19 15:48:11,382 cart 3620983 140432903878464 'udf4'
ERROR 2021-07-19 15:48:11,382 cart 3620983 140432903878464 'udf5'
ERROR 2021-07-19 15:48:11,382 cart 3620983 140432903878464 'udf6'
ERROR 2021-07-19 15:48:11,382 cart 3620983 140432903878464 'udf7'
ERROR 2021-07-19 15:48:11,382 cart 3620983 140432903878464 'udf8'
ERROR 2021-07-19 15:48:11,382 cart 3620983 140432903878464 'udf9'
ERROR 2021-07-19 15:48:11,382 cart 3620983 140432903878464 'udf10'
INFO 2021-07-19 15:48:17,157 cart 4100938 140432903878464 Start  update status from api  in database for transaction: d59eced1ded07f84c145---+ status :pending
INFO 2021-07-19 15:48:17,175 cart 4100938 140432903878464 End  update status from api  in database for transaction: d59eced1ded07f84c145---+ status :pending
ERROR 2021-07-19 15:48:33,702 cart 3620983 140432903878464 'udf1'
ERROR 2021-07-19 15:48:33,702 cart 3620983 140432903878464 'udf2'
ERROR 2021-07-19 15:48:33,702 cart 3620983 140432903878464 'udf3'
ERROR 2021-07-19 15:48:33,702 cart 3620983 140432903878464 'udf4'
ERROR 2021-07-19 15:48:33,702 cart 3620983 140432903878464 'udf5'
ERROR 2021-07-19 15:48:33,702 cart 3620983 140432903878464 'udf6'
ERROR 2021-07-19 15:48:33,702 cart 3620983 140432903878464 'udf7'
ERROR 2021-07-19 15:48:33,702 cart 3620983 140432903878464 'udf8'
ERROR 2021-07-19 15:48:33,703 cart 3620983 140432903878464 'udf9'
ERROR 2021-07-19 15:48:33,703 cart 3620983 140432903878464 'udf10'
ERROR 2021-07-19 15:50:55,451 cart 4151628 140432903878464 'udf1'
ERROR 2021-07-19 15:50:55,451 cart 4151628 140432903878464 'udf2'
ERROR 2021-07-19 15:50:55,451 cart 4151628 140432903878464 'udf3'
ERROR 2021-07-19 15:50:55,451 cart 4151628 140432903878464 'udf4'
ERROR 2021-07-19 15:50:55,451 cart 4151628 140432903878464 'udf5'
ERROR 2021-07-19 15:50:55,451 cart 4151628 140432903878464 'udf6'
ERROR 2021-07-19 15:50:55,452 cart 4151628 140432903878464 'udf7'
ERROR 2021-07-19 15:50:55,452 cart 4151628 140432903878464 'udf8'
ERROR 2021-07-19 15:50:55,452 cart 4151628 140432903878464 'udf9'
ERROR 2021-07-19 15:50:55,452 cart 4151628 140432903878464 'udf10'
ERROR 2021-07-19 15:51:33,934 cart 3620983 140432903878464 'udf1'
ERROR 2021-07-19 15:51:33,935 cart 3620983 140432903878464 'udf2'
ERROR 2021-07-19 15:51:33,935 cart 3620983 140432903878464 'udf3'
ERROR 2021-07-19 15:51:33,935 cart 3620983 140432903878464 'udf4'
ERROR 2021-07-19 15:51:33,935 cart 3620983 140432903878464 'udf5'
ERROR 2021-07-19 15:51:33,935 cart 3620983 140432903878464 'udf6'
ERROR 2021-07-19 15:51:33,935 cart 3620983 140432903878464 'udf7'
ERROR 2021-07-19 15:51:33,935 cart 3620983 140432903878464 'udf8'
ERROR 2021-07-19 15:51:33,935 cart 3620983 140432903878464 'udf9'
ERROR 2021-07-19 15:51:33,935 cart 3620983 140432903878464 'udf10'
ERROR 2021-07-20 07:46:33,201 cart 3183025 140215949244224 'udf1'
ERROR 2021-07-20 07:46:33,211 cart 3183025 140215949244224 'udf2'
ERROR 2021-07-20 07:46:33,211 cart 3183025 140215949244224 'udf3'
ERROR 2021-07-20 07:46:33,211 cart 3183025 140215949244224 'udf4'
ERROR 2021-07-20 07:46:33,212 cart 3183025 140215949244224 'udf5'
ERROR 2021-07-20 07:46:33,212 cart 3183025 140215949244224 'udf6'
ERROR 2021-07-20 07:46:33,212 cart 3183025 140215949244224 'udf7'
ERROR 2021-07-20 07:46:33,212 cart 3183025 140215949244224 'udf8'
ERROR 2021-07-20 07:46:33,212 cart 3183025 140215949244224 'udf9'
ERROR 2021-07-20 07:46:33,212 cart 3183025 140215949244224 'udf10'
ERROR 2021-08-27 15:56:37,036 cart 3622821 140204865664832 'udf1'
ERROR 2021-08-27 15:56:37,038 cart 3622821 140204865664832 'udf2'
ERROR 2021-08-27 15:56:37,038 cart 3622821 140204865664832 'udf3'
ERROR 2021-08-27 15:56:37,038 cart 3622821 140204865664832 'udf4'
ERROR 2021-08-27 15:56:37,038 cart 3622821 140204865664832 'udf5'
ERROR 2021-08-27 15:56:37,039 cart 3622821 140204865664832 'udf6'
ERROR 2021-08-27 15:56:37,039 cart 3622821 140204865664832 'udf7'
ERROR 2021-08-27 15:56:37,039 cart 3622821 140204865664832 'udf8'
ERROR 2021-08-27 15:56:37,039 cart 3622821 140204865664832 'udf9'
ERROR 2021-08-27 15:56:37,039 cart 3622821 140204865664832 'udf10'
INFO 2021-08-27 15:56:43,504 cart 3622821 140204865664832 Start  update status from api  in database for transaction: 811786ad1ae74adfdd20---+ status :pending
INFO 2021-08-27 15:56:43,510 cart 3622821 140204865664832 End  update status from api  in database for transaction: 811786ad1ae74adfdd20---+ status :pending
ERROR 2021-08-28 10:53:37,488 cart 909611 139659705165632 'udf1'
ERROR 2021-08-28 10:53:37,489 cart 909611 139659705165632 'udf2'
ERROR 2021-08-28 10:53:37,489 cart 909611 139659705165632 'udf3'
ERROR 2021-08-28 10:53:37,489 cart 909611 139659705165632 'udf4'
ERROR 2021-08-28 10:53:37,489 cart 909611 139659705165632 'udf5'
ERROR 2021-08-28 10:53:37,489 cart 909611 139659705165632 'udf6'
ERROR 2021-08-28 10:53:37,489 cart 909611 139659705165632 'udf7'
ERROR 2021-08-28 10:53:37,489 cart 909611 139659705165632 'udf8'
ERROR 2021-08-28 10:53:37,489 cart 909611 139659705165632 'udf9'
ERROR 2021-08-28 10:53:37,489 cart 909611 139659705165632 'udf10'
INFO 2021-08-28 10:53:40,737 cart 909611 139659705165632 Start  update status from api  in database for transaction: 25fc0e7096fc65371820---+ status :pending
INFO 2021-08-28 10:53:40,753 cart 909611 139659705165632 End  update status from api  in database for transaction: 25fc0e7096fc65371820---+ status :pending
ERROR 2021-09-11 19:32:27,479 cart 3180617 140397652309824 'udf1'
ERROR 2021-09-11 19:32:27,479 cart 3180617 140397652309824 'udf2'
ERROR 2021-09-11 19:32:27,479 cart 3180617 140397652309824 'udf3'
ERROR 2021-09-11 19:32:27,479 cart 3180617 140397652309824 'udf4'
ERROR 2021-09-11 19:32:27,479 cart 3180617 140397652309824 'udf5'
ERROR 2021-09-11 19:32:27,480 cart 3180617 140397652309824 'udf6'
ERROR 2021-09-11 19:32:27,480 cart 3180617 140397652309824 'udf7'
ERROR 2021-09-11 19:32:27,480 cart 3180617 140397652309824 'udf8'
ERROR 2021-09-11 19:32:27,480 cart 3180617 140397652309824 'udf9'
ERROR 2021-09-11 19:32:27,480 cart 3180617 140397652309824 'udf10'
INFO 2021-09-11 19:32:29,584 cart 3180617 140397652309824 Start  update status from api  in database for transaction: 31489056e0916d59fe3a---+ status :pending
INFO 2021-09-11 19:32:29,590 cart 3180617 140397652309824 End  update status from api  in database for transaction: 31489056e0916d59fe3a---+ status :pending
ERROR 2021-09-11 19:36:14,023 cart 3180616 140397652309824 'additionalCharges'
ERROR 2021-09-11 19:36:14,023 cart 3180616 140397652309824 Unicode-objects must be encoded before hashing
ERROR 2021-09-11 20:20:41,019 cart 3342992 140695153030976 'udf1'
ERROR 2021-09-11 20:20:41,019 cart 3342992 140695153030976 'udf2'
ERROR 2021-09-11 20:20:41,019 cart 3342992 140695153030976 'udf3'
ERROR 2021-09-11 20:20:41,019 cart 3342992 140695153030976 'udf4'
ERROR 2021-09-11 20:20:41,019 cart 3342992 140695153030976 'udf5'
ERROR 2021-09-11 20:20:41,019 cart 3342992 140695153030976 'udf6'
ERROR 2021-09-11 20:20:41,019 cart 3342992 140695153030976 'udf7'
ERROR 2021-09-11 20:20:41,019 cart 3342992 140695153030976 'udf8'
ERROR 2021-09-11 20:20:41,019 cart 3342992 140695153030976 'udf9'
ERROR 2021-09-11 20:20:41,019 cart 3342992 140695153030976 'udf10'
INFO 2021-09-11 20:20:50,301 cart 3342992 140695153030976 Start  update status from api  in database for transaction: 98010bd9270f9b100b62---+ status :pending
INFO 2021-09-11 20:20:50,306 cart 3342992 140695153030976 End  update status from api  in database for transaction: 98010bd9270f9b100b62---+ status :pending
ERROR 2021-09-11 20:22:21,101 cart 3342992 140695153030976 'additionalCharges'
ERROR 2021-09-11 20:22:21,101 cart 3342992 140695153030976 Unicode-objects must be encoded before hashing
ERROR 2021-09-11 20:48:19,597 cart 3425831 139988703598400 'udf1'
ERROR 2021-09-11 20:48:19,598 cart 3425831 139988703598400 'udf2'
ERROR 2021-09-11 20:48:19,598 cart 3425831 139988703598400 'udf3'
ERROR 2021-09-11 20:48:19,598 cart 3425831 139988703598400 'udf4'
ERROR 2021-09-11 20:48:19,598 cart 3425831 139988703598400 'udf5'
ERROR 2021-09-11 20:48:19,598 cart 3425831 139988703598400 'udf6'
ERROR 2021-09-11 20:48:19,598 cart 3425831 139988703598400 'udf7'
ERROR 2021-09-11 20:48:19,598 cart 3425831 139988703598400 'udf8'
ERROR 2021-09-11 20:48:19,598 cart 3425831 139988703598400 'udf9'
ERROR 2021-09-11 20:48:19,598 cart 3425831 139988703598400 'udf10'
INFO 2021-09-11 20:48:25,342 cart 3425831 139988703598400 Start  update status from api  in database for transaction: 0e17daca5f3e175f448b---+ status :pending
INFO 2021-09-11 20:48:25,347 cart 3425831 139988703598400 End  update status from api  in database for transaction: 0e17daca5f3e175f448b---+ status :pending
ERROR 2021-09-11 20:49:04,943 cart 3425832 139988703598400 'additionalCharges'
